C:\USERS\X\DOCUMENTS\VISUAL STUDIO 2010\PROJECTS\ADVENTUREGAMEC++ADVANCED\DEBUG\ADVENTURE.OBJ
C:\USERS\X\DOCUMENTS\VISUAL STUDIO 2010\PROJECTS\ADVENTUREGAMEC++ADVANCED\DEBUG\ADVENTUREGAMEC++ADVANCED.EXE
C:\USERS\X\DOCUMENTS\VISUAL STUDIO 2010\PROJECTS\ADVENTUREGAMEC++ADVANCED\DEBUG\ADVENTUREGAMEC++ADVANCED.EXE.EMBED.MANIFEST
C:\USERS\X\DOCUMENTS\VISUAL STUDIO 2010\PROJECTS\ADVENTUREGAMEC++ADVANCED\DEBUG\ADVENTUREGAMEC++ADVANCED.EXE.EMBED.MANIFEST.RES
C:\USERS\X\DOCUMENTS\VISUAL STUDIO 2010\PROJECTS\ADVENTUREGAMEC++ADVANCED\DEBUG\ADVENTUREGAMEC++ADVANCED.EXE.INTERMEDIATE.MANIFEST
C:\USERS\X\DOCUMENTS\VISUAL STUDIO 2010\PROJECTS\ADVENTUREGAMEC++ADVANCED\DEBUG\ADVENTUREGAMEC++ADVANCED.ILK
C:\USERS\X\DOCUMENTS\VISUAL STUDIO 2010\PROJECTS\ADVENTUREGAMEC++ADVANCED\DEBUG\ADVENTUREGAMEC++ADVANCED.PDB
C:\Users\x\Documents\Visual Studio 2010\Projects\AdventureGameC++Advanced\Debug\AdventureGameC++Advanced_manifest.rc
C:\USERS\X\DOCUMENTS\VISUAL STUDIO 2010\PROJECTS\ADVENTUREGAMEC++ADVANCED\DEBUG\ATTACKCOMMAND.OBJ
C:\Users\x\Documents\Visual Studio 2010\Projects\AdventureGameC++Advanced\Debug\cl.command.1.tlog
C:\Users\x\Documents\Visual Studio 2010\Projects\AdventureGameC++Advanced\Debug\CL.read.1.tlog
C:\Users\x\Documents\Visual Studio 2010\Projects\AdventureGameC++Advanced\Debug\CL.write.1.tlog
C:\USERS\X\DOCUMENTS\VISUAL STUDIO 2010\PROJECTS\ADVENTUREGAMEC++ADVANCED\DEBUG\COMMANDFACTORY.OBJ
C:\USERS\X\DOCUMENTS\VISUAL STUDIO 2010\PROJECTS\ADVENTUREGAMEC++ADVANCED\DEBUG\GAME.OBJ
C:\USERS\X\DOCUMENTS\VISUAL STUDIO 2010\PROJECTS\ADVENTUREGAMEC++ADVANCED\DEBUG\INVENTORYCOMMAND.OBJ
C:\Users\x\Documents\Visual Studio 2010\Projects\AdventureGameC++Advanced\Debug\link.5136.read.1.tlog
C:\Users\x\Documents\Visual Studio 2010\Projects\AdventureGameC++Advanced\Debug\link.5136.write.1.tlog
C:\Users\x\Documents\Visual Studio 2010\Projects\AdventureGameC++Advanced\Debug\link.5136-cvtres.read.1.tlog
C:\Users\x\Documents\Visual Studio 2010\Projects\AdventureGameC++Advanced\Debug\link.5136-cvtres.write.1.tlog
C:\Users\x\Documents\Visual Studio 2010\Projects\AdventureGameC++Advanced\Debug\link.6436.read.1.tlog
C:\Users\x\Documents\Visual Studio 2010\Projects\AdventureGameC++Advanced\Debug\link.6436.write.1.tlog
C:\Users\x\Documents\Visual Studio 2010\Projects\AdventureGameC++Advanced\Debug\link.6436-cvtres.read.1.tlog
C:\Users\x\Documents\Visual Studio 2010\Projects\AdventureGameC++Advanced\Debug\link.6436-cvtres.write.1.tlog
C:\Users\x\Documents\Visual Studio 2010\Projects\AdventureGameC++Advanced\Debug\link.command.1.tlog
C:\Users\x\Documents\Visual Studio 2010\Projects\AdventureGameC++Advanced\Debug\link.read.1.tlog
C:\Users\x\Documents\Visual Studio 2010\Projects\AdventureGameC++Advanced\Debug\link.write.1.tlog
C:\Users\x\Documents\Visual Studio 2010\Projects\AdventureGameC++Advanced\Debug\link-cvtres.read.1.tlog
C:\Users\x\Documents\Visual Studio 2010\Projects\AdventureGameC++Advanced\Debug\link-cvtres.write.1.tlog
C:\USERS\X\DOCUMENTS\VISUAL STUDIO 2010\PROJECTS\ADVENTUREGAMEC++ADVANCED\DEBUG\MOVECOMMAND.OBJ
C:\Users\x\Documents\Visual Studio 2010\Projects\AdventureGameC++Advanced\Debug\mt.command.1.tlog
C:\Users\x\Documents\Visual Studio 2010\Projects\AdventureGameC++Advanced\Debug\mt.read.1.tlog
C:\Users\x\Documents\Visual Studio 2010\Projects\AdventureGameC++Advanced\Debug\mt.write.1.tlog
C:\USERS\X\DOCUMENTS\VISUAL STUDIO 2010\PROJECTS\ADVENTUREGAMEC++ADVANCED\DEBUG\PLAYER.OBJ
C:\Users\x\Documents\Visual Studio 2010\Projects\AdventureGameC++Advanced\Debug\rc.command.1.tlog
C:\Users\x\Documents\Visual Studio 2010\Projects\AdventureGameC++Advanced\Debug\rc.read.1.tlog
C:\Users\x\Documents\Visual Studio 2010\Projects\AdventureGameC++Advanced\Debug\rc.write.1.tlog
C:\USERS\X\DOCUMENTS\VISUAL STUDIO 2010\PROJECTS\ADVENTUREGAMEC++ADVANCED\DEBUG\ROOM.OBJ
C:\USERS\X\DOCUMENTS\VISUAL STUDIO 2010\PROJECTS\ADVENTUREGAMEC++ADVANCED\DEBUG\SAVECOMMAND.OBJ
C:\Users\x\Documents\Visual Studio 2010\Projects\AdventureGameC++Advanced\Debug\vc100.idb
C:\USERS\X\DOCUMENTS\VISUAL STUDIO 2010\PROJECTS\ADVENTUREGAMEC++ADVANCED\DEBUG\VC100.PDB
